<?xml version="1.0" encoding="UTF-8"?>
<!-- Generated by org.testng.reporters.JUnitReportReporter -->
<testsuite hostname="UKLDSQRJM2" name="com.statravel.runners.TestRunner" tests="5" failures="0" timestamp="18 May 2020 22:08:12 GMT" time="222.315" errors="0">
  <testcase name="feature" time="108.702" classname="com.statravel.runners.TestRunner"/>
  <testcase name="feature" time="14.438" classname="com.statravel.runners.TestRunner"/>
  <testcase name="feature" time="32.572" classname="com.statravel.runners.TestRunner"/>
  <testcase name="feature" time="31.096" classname="com.statravel.runners.TestRunner"/>
  <testcase name="feature" time="35.507" classname="com.statravel.runners.TestRunner"/>
</testsuite> <!-- com.statravel.runners.TestRunner -->
