<?xml version="1.0" encoding="UTF-8"?>
<!-- Generated by org.testng.reporters.JUnitReportReporter -->
<testsuite hostname="UKLDSQRJM2" name="com.statravel.runners.TestRunner" tests="1" failures="0" timestamp="7 Apr 2020 14:54:18 GMT" time="33.338" errors="0">
  <testcase name="feature" time="33.338" classname="com.statravel.runners.TestRunner"/>
</testsuite> <!-- com.statravel.runners.TestRunner -->
