<?xml version="1.0" encoding="UTF-8"?>
<!-- Generated by org.testng.reporters.JUnitReportReporter -->
<testsuite hostname="DESKTOP-T72QCV9" name="com.statravel.runners.TestRunner" tests="1" failures="0" timestamp="16 Apr 2020 11:47:50 GMT" time="39.352" errors="0">
  <testcase name="feature" time="39.352" classname="com.statravel.runners.TestRunner"/>
</testsuite> <!-- com.statravel.runners.TestRunner -->
