<?xml version="1.0" encoding="UTF-8"?>
<!-- Generated by org.testng.reporters.JUnitReportReporter -->
<testsuite hostname="DESKTOP-T72QCV9" name="com.statravel.runners.TestRunner" tests="1" failures="0" timestamp="8 Apr 2020 16:47:43 GMT" time="35.857" errors="0">
  <testcase name="feature" time="35.857" classname="com.statravel.runners.TestRunner"/>
</testsuite> <!-- com.statravel.runners.TestRunner -->
