<?xml version="1.0" encoding="UTF-8"?>
<!-- Generated by org.testng.reporters.JUnitReportReporter -->
<testsuite hostname="DESKTOP-T72QCV9" name="com.statravel.runners.TestRunner" tests="1" failures="0" timestamp="25 Apr 2020 00:07:22 GMT" time="108.747" errors="0">
  <testcase name="feature" time="108.747" classname="com.statravel.runners.TestRunner"/>
</testsuite> <!-- com.statravel.runners.TestRunner -->
