<?xml version="1.0" encoding="UTF-8"?>
<!-- Generated by org.testng.reporters.JUnitReportReporter -->
<testsuite hostname="DESKTOP-T72QCV9" name="com.statravel.runners.TestRunner" tests="5" failures="0" timestamp="14 May 2020 14:46:23 GMT" time="229.892" errors="0">
  <testcase name="feature" time="39.639" classname="com.statravel.runners.TestRunner"/>
  <testcase name="feature" time="30.904" classname="com.statravel.runners.TestRunner"/>
  <testcase name="feature" time="14.385" classname="com.statravel.runners.TestRunner"/>
  <testcase name="feature" time="34.684" classname="com.statravel.runners.TestRunner"/>
  <testcase name="feature" time="110.280" classname="com.statravel.runners.TestRunner"/>
</testsuite> <!-- com.statravel.runners.TestRunner -->
